<?xml version="1.0" encoding="UTF-8" ?>
<testsuite tests="20" failures="0" name="com.runner.TestRunner" time="0.022" errors="0" skipped="5">
  <properties>
    <property name="java.runtime.name" value="OpenJDK Runtime Environment"/>
    <property name="java.vm.version" value="15.0.2+7-27"/>
    <property name="sun.boot.library.path" value="C:\Users\shailesh.gohel\.p2\pool\plugins\org.eclipse.justj.openjdk.hotspot.jre.full.win32.x86_64_15.0.2.v20210201-0955\jre\bin"/>
    <property name="maven.multiModuleProjectDirectory" value="C:\Users\shailesh.gohel\eclipse-workspace\cucumber-project"/>
    <property name="java.vm.vendor" value="Oracle Corporation"/>
    <property name="java.vendor.url" value="https://java.oracle.com/"/>
    <property name="guice.disable.misplaced.annotation.check" value="true"/>
    <property name="path.separator" value=";"/>
    <property name="java.vm.name" value="OpenJDK 64-Bit Server VM"/>
    <property name="sun.os.patch.level" value=""/>
    <property name="user.script" value=""/>
    <property name="user.country" value="IN"/>
    <property name="sun.java.launcher" value="SUN_STANDARD"/>
    <property name="java.vm.specification.name" value="Java Virtual Machine Specification"/>
    <property name="user.dir" value="C:\Users\shailesh.gohel\eclipse-workspace\cucumber-project"/>
    <property name="java.vm.compressedOopsMode" value="Zero based"/>
    <property name="java.runtime.version" value="15.0.2+7-27"/>
    <property name="os.arch" value="amd64"/>
    <property name="java.io.tmpdir" value="C:\Users\SHAILE~1.GOH\AppData\Local\Temp\"/>
    <property name="line.separator" value="
"/>
    <property name="java.vm.specification.vendor" value="Oracle Corporation"/>
    <property name="user.variant" value=""/>
    <property name="os.name" value="Windows 10"/>
    <property name="classworlds.conf" value="C:\Users\shailesh.gohel\eclipse-workspace\.metadata\.plugins\org.eclipse.m2e.launching\launches\m2conf7352627164916129178.tmp"/>
    <property name="sun.jnu.encoding" value="Cp1252"/>
    <property name="java.library.path" value="C:\Users\shailesh.gohel\.p2\pool\plugins\org.eclipse.justj.openjdk.hotspot.jre.full.win32.x86_64_15.0.2.v20210201-0955\jre\bin;C:\WINDOWS\Sun\Java\bin;C:\WINDOWS\system32;C:\WINDOWS;C:/Users/shailesh.gohel/.p2/pool/plugins/org.eclipse.justj.openjdk.hotspot.jre.full.win32.x86_64_15.0.2.v20210201-0955/jre/bin/server;C:/Users/shailesh.gohel/.p2/pool/plugins/org.eclipse.justj.openjdk.hotspot.jre.full.win32.x86_64_15.0.2.v20210201-0955/jre/bin;C:\app\shailesh.gohel\product\18.0.0\dbhomeXE\bin;C:\Program Files (x86)\Common Files\Oracle\Java\javapath;C:\WINDOWS\system32;C:\WINDOWS;C:\WINDOWS\System32\Wbem;C:\WINDOWS\System32\WindowsPowerShell\v1.0\;C:\WINDOWS\System32\OpenSSH\;C:\Program Files\Microsoft SQL Server\140\Tools\Binn\;C:\Program Files (x86)\Plantronics\Spokes3G\;C:\Users\shailesh.gohel\AppData\Local\Programs\Python\Python36\Scripts;C:\Program Files\Git\cmd;C:\Litera\JMeter\apache-jmeter-5.4.1\apache-jmeter-5.4.1\bin;C:\Program Files\nodejs\;C:\Litera\Personal\allure\bin;C:\Litera\Softwares\apache-maven-3.8.1\bin;C:\Program Files\Java\jdk1.8.0_281\bin;C:\Program Files\Microsoft SQL Server\150\Tools\Binn\;C:\Program Files\Docker\Docker\resources\bin;C:\ProgramData\DockerDesktop\version-bin;C:\Program Files (x86)\Microsoft SQL Server\150\DTS\Binn\;C:\Program Files\Azure Data Studio\bin;C:\Program Files\Microsoft SQL Server\Client SDK\ODBC\170\Tools\Binn\;C:\Program Files (x86)\Microsoft SQL Server\150\Tools\Binn\;C:\Program Files\Microsoft SQL Server\150\DTS\Binn\;C:\Users\shailesh.gohel\AppData\Local\Android\Sdk\platform-tools;C:\Litera\Softwares\apache-ant-1.9.16-bin\apache-ant-1.9.16\bin;C:\Program Files\dotnet\;C:\Program Files\Microsoft SQL Server\130\Tools\Binn\;C:\Program Files (x86)\dotnet\;C:\Users\shailesh.gohel\AppData\Local\Microsoft\WindowsApps;C:\Users\shailesh.gohel\AppData\Local\Programs\Microsoft VS Code\bin;C:\Users\shailesh.gohel\AppData\Roaming\npm;C:\Program Files\Azure Data Studio\bin;C:\Program Files (x86)\BrowserStackLocal\;C:\Users\shailesh.gohel\.dotnet\tools;C:\Users\shailesh.gohel\AppData\Local\GitHubDesktop\bin;C:\WINDOWS\system32;;."/>
    <property name="jdk.debug" value="release"/>
    <property name="java.class.version" value="59.0"/>
    <property name="java.specification.name" value="Java Platform API Specification"/>
    <property name="sun.management.compiler" value="HotSpot 64-Bit Tiered Compilers"/>
    <property name="os.version" value="10.0"/>
    <property name="user.home" value="C:\Users\shailesh.gohel"/>
    <property name="user.timezone" value="Asia/Calcutta"/>
    <property name="file.encoding" value="Cp1252"/>
    <property name="java.specification.version" value="15"/>
    <property name="user.name" value="shailesh.gohel"/>
    <property name="java.class.path" value="C:\Users\shailesh.gohel\.p2\pool\plugins\org.eclipse.m2e.maven.runtime_1.16.0.20200610-1735\jars\plexus-classworlds-2.6.0.jar"/>
    <property name="java.vm.specification.version" value="15"/>
    <property name="sun.arch.data.model" value="64"/>
    <property name="sun.java.command" value="org.codehaus.plexus.classworlds.launcher.Launcher -B test"/>
    <property name="java.home" value="C:\Users\shailesh.gohel\.p2\pool\plugins\org.eclipse.justj.openjdk.hotspot.jre.full.win32.x86_64_15.0.2.v20210201-0955\jre"/>
    <property name="user.language" value="en"/>
    <property name="java.specification.vendor" value="Oracle Corporation"/>
    <property name="java.vm.info" value="mixed mode"/>
    <property name="java.version" value="15.0.2"/>
    <property name="java.vendor" value="Oracle Corporation"/>
    <property name="maven.home" value="C:\Users\shailesh.gohel\eclipse-workspace\cucumber-project\EMBEDDED"/>
    <property name="file.separator" value="\"/>
    <property name="java.version.date" value="2021-01-19"/>
    <property name="java.vendor.url.bug" value="https://bugreport.java.com/bugreport/"/>
    <property name="sun.io.unicode.encoding" value="UnicodeLittle"/>
    <property name="sun.cpu.endian" value="little"/>
    <property name="sun.cpu.isalist" value="amd64"/>
  </properties>
  <testcase classname="| shailesh@test.com | password |" name="Given I am on automationpractice" time="0.002"/>
  <testcase classname="| shailesh@test.com | password |" name="When I click on SignIn link" time="0"/>
  <testcase classname="| shailesh@test.com | password |" name="And I enter username shailesh@test.com" time="0.001">
    <skipped/>
  </testcase>
  <testcase classname="| shailesh@test.com | password |" name="And I enter password password" time="0.002">
    <skipped/>
  </testcase>
  <testcase classname="| shailesh@test.com | password |" name="And I click SigIn button" time="0.003">
    <skipped/>
  </testcase>
  <testcase classname="| shailesh@test.com | password |" name="Then I should be logged in to the application" time="0.003">
    <skipped/>
  </testcase>
  <testcase classname="| shailesh@test.com | password |" name="| shailesh@test.com | password |" time="0.004">
    <skipped/>
  </testcase>
  <testcase classname="| shailesh@test.com | password |" name="| shailesh@test.com | password |" time="0.004"/>
  <testcase classname="| home |" name="Given I am testing" time="0"/>
  <testcase classname="| home |" name="When I am on home page" time="0"/>
  <testcase classname="| home |" name="Then This home page should display" time="0"/>
  <testcase classname="| home |" name="| home |" time="0.001"/>
  <testcase classname="| product |" name="Given I am testing" time="0"/>
  <testcase classname="| product |" name="When I am on product page" time="0.001"/>
  <testcase classname="| product |" name="Then This product page should display" time="0"/>
  <testcase classname="| product |" name="| product |" time="0.001"/>
  <testcase classname="Scenario: Test" name="Given I am testing" time="0"/>
  <testcase classname="Scenario: Test" name="When I am on page" time="0"/>
  <testcase classname="Scenario: Test" name="Then This page should display" time="0"/>
  <testcase classname="Scenario: Test" name="Scenario: Test" time="0"/>
</testsuite>